<?xml version="1.0" encoding="UTF-8"?>
<!-- Generated by org.testng.reporters.JUnitReportReporter -->
<testsuite skipped="0" hostname="BSL-Mahape-0071" name="com.w2a.testcases.LoginTest" tests="1" failures="0" timestamp="02 Jul 2020 08:47:55 GMT" time="3.132" errors="0">
  <testcase name="loginAsBankManager" time="3.132" classname="com.w2a.testcases.LoginTest"/>
</testsuite> <!-- com.w2a.testcases.LoginTest -->
