<?xml version="1.0" encoding="UTF-8"?>
<!-- Generated by org.testng.reporters.JUnitReportReporter -->
<testsuite skipped="0" hostname="BSL-Mahape-0071" name="com.w2a.testcases.AddCustomerTest" tests="4" failures="0" timestamp="02 Jul 2020 08:47:55 GMT" time="3.890" errors="0">
  <testcase name="addCustomer" time="1.575" classname="com.w2a.testcases.AddCustomerTest"/>
  <testcase name="addCustomer" time="0.930" classname="com.w2a.testcases.AddCustomerTest"/>
  <testcase name="addCustomer" time="0.627" classname="com.w2a.testcases.AddCustomerTest"/>
  <testcase name="addCustomer" time="0.758" classname="com.w2a.testcases.AddCustomerTest"/>
</testsuite> <!-- com.w2a.testcases.AddCustomerTest -->
