<?xml version="1.0" encoding="UTF-8"?>
<!-- Generated by org.testng.reporters.JUnitReportReporter -->
<testsuite skipped="0" hostname="BSL-Mahape-0071" name="com.w2a.testcases.SignUp" tests="2" failures="0" timestamp="02 Jul 2020 18:39:56 GMT" time="19.968" errors="0">
  <testcase name="clickSignUp" time="5.790" classname="com.w2a.testcases.SignUp"/>
  <testcase name="registration" time="14.178" classname="com.w2a.testcases.SignUp"/>
</testsuite> <!-- com.w2a.testcases.SignUp -->
