<?xml version="1.0" encoding="UTF-8"?>
<!-- Generated by org.testng.reporters.JUnitReportReporter -->
<testsuite skipped="0" hostname="BSL-Mahape-0071" name="com.w2a.testcases.AddToCart" tests="1" failures="0" timestamp="02 Jul 2020 18:39:56 GMT" time="29.204" errors="0">
  <testcase name="SelectWomenSection" time="29.204" classname="com.w2a.testcases.AddToCart"/>
</testsuite> <!-- com.w2a.testcases.AddToCart -->
